<?xml version="1.0" encoding="UTF-8"?>
<testng-results ignored="0" total="1" passed="1" failed="0" skipped="0">
  <reporter-output>
  </reporter-output>
  <suite started-at="2021-08-07T14:22:15 IST" name="Default suite" finished-at="2021-08-07T14:22:29 IST" duration-ms="13888">
    <groups>
    </groups>
    <test started-at="2021-08-07T14:22:15 IST" name="Default test" finished-at="2021-08-07T14:22:29 IST" duration-ms="13888">
      <class name="com.teamrwb.test.TakeScreenShot">
        <test-method signature="ScreenShot()[pri:0, instance:com.teamrwb.test.TakeScreenShot@6bf0219d]" started-at="2021-08-07T14:22:15 IST" name="ScreenShot" finished-at="2021-08-07T14:22:29 IST" duration-ms="13751" status="PASS">
          <reporter-output>
          </reporter-output>
        </test-method> <!-- ScreenShot -->
      </class> <!-- com.teamrwb.test.TakeScreenShot -->
    </test> <!-- Default test -->
  </suite> <!-- Default suite -->
</testng-results>
